{
"contracts/math/Power.sol":{"l":{"85":27,"86":27,"87":27,"88":27,"89":27,"90":27,"91":27,"92":27,"93":27,"94":27,"95":27,"96":27,"97":27,"98":27,"99":27,"100":27,"101":27,"102":27,"103":27,"104":27,"105":27,"106":27,"107":27,"108":27,"109":27,"110":27,"111":27,"112":27,"113":27,"114":27,"115":27,"116":27,"117":27,"118":27,"119":27,"120":27,"121":27,"122":27,"123":27,"124":27,"125":27,"126":27,"127":27,"128":27,"129":27,"130":27,"131":27,"132":27,"133":27,"134":27,"135":27,"136":27,"137":27,"138":27,"139":27,"140":27,"141":27,"142":27,"143":27,"144":27,"145":27,"146":27,"147":27,"148":27,"149":27,"150":27,"151":27,"152":27,"153":27,"154":27,"155":27,"156":27,"157":27,"158":27,"159":27,"160":27,"161":27,"162":27,"163":27,"164":27,"165":27,"166":27,"167":27,"168":27,"169":27,"170":27,"171":27,"172":27,"173":27,"174":27,"175":27,"176":27,"177":27,"178":27,"179":27,"180":27,"210":11,"211":11,"213":11,"214":11,"215":11,"216":0,"218":11,"221":11,"222":11,"223":0,"225":11,"226":11,"241":11,"242":11,"245":11,"246":11,"247":11,"248":11,"252":11,"253":11,"254":1397,"255":1397,"256":689,"257":689,"262":11,"269":11,"270":11,"272":11,"274":0,"275":0,"276":0,"280":11,"281":88,"282":60,"283":60,"288":11,"299":11,"300":11,"302":11,"303":77,"304":77,"308":11,"309":11,"311":0,"312":0,"327":11,"328":11,"330":11,"331":11,"332":11,"333":11,"334":11,"335":11,"336":11,"337":11,"338":11,"339":11,"340":11,"341":11,"342":11,"343":11,"344":11,"345":11,"346":11,"347":11,"348":11,"349":11,"350":11,"351":11,"352":11,"353":11,"354":11,"355":11,"356":11,"357":11,"358":11,"359":11,"360":11,"361":11,"362":11,"363":11,"364":11,"365":11,"366":11,"367":11,"368":11,"369":11,"370":11,"371":11,"372":11,"373":11,"374":11,"375":11,"376":11,"377":11,"378":11,"379":11,"380":11,"381":11,"382":11,"383":11,"384":11,"385":11,"386":11,"387":11,"388":11,"389":11,"390":11,"391":11,"392":11,"393":11,"395":11,"405":0,"407":0,"408":0,"409":0,"411":0,"412":0,"413":0,"415":0,"416":0,"417":0,"419":0,"420":0,"421":0,"423":0,"424":0,"425":0,"427":0,"428":0,"429":0,"431":0,"432":0,"433":0,"435":0,"436":0,"437":0,"439":0,"440":0,"441":0,"444":0,"445":0,"446":0,"449":0,"450":0,"453":0,"454":0,"457":0,"458":0,"461":0,"462":0,"465":0,"466":0,"469":0,"470":0,"473":0,"474":0,"478":0,"487":0,"489":0,"490":0,"492":0,"493":0,"494":0,"495":0,"496":0,"497":0,"498":0,"499":0,"500":0,"501":0,"502":0,"503":0,"504":0,"505":0,"506":0,"507":0,"508":0,"509":0,"510":0,"511":0,"512":0,"513":0,"514":0,"515":0,"516":0,"517":0,"518":0,"519":0,"520":0,"521":0,"522":0,"523":0,"524":0,"525":0,"526":0,"527":0,"528":0,"529":0,"530":0,"531":0,"533":0,"534":0,"537":0,"538":0,"541":0,"542":0,"545":0,"546":0,"549":0,"550":0,"553":0,"554":0,"557":0,"558":0,"562":0},"path":"/workspace/rareskills/contracts/math/Power.sol","s":{"1":11,"2":11,"3":11,"4":11,"5":11,"6":11,"7":11,"8":0,"9":11,"10":11,"11":11,"12":11,"13":11,"14":11,"15":11,"16":11,"17":1397,"18":11,"19":11,"20":11,"21":11,"22":0,"23":11,"24":88,"25":11,"26":11,"27":11,"28":11,"29":77,"30":77,"31":11,"32":0,"33":11,"34":11,"35":0,"36":0,"37":11,"38":11,"39":11,"40":0,"41":0,"42":0,"43":0,"44":0,"45":0,"46":0,"47":0,"48":0,"49":0,"50":0,"51":0,"52":0,"53":0,"54":0,"55":0,"56":0,"57":0,"58":0,"59":0,"60":0,"61":0,"62":0,"63":0},"b":{"1":[11,0],"2":[11,0],"3":[0,11],"4":[0,11],"5":[11,0],"6":[11,0],"7":[689,708],"8":[0,11],"9":[60,28],"10":[37,40],"11":[0,11],"12":[11,0],"13":[0,0],"14":[0,0],"15":[0,0],"16":[0,0],"17":[0,0],"18":[0,0],"19":[0,0],"20":[0,0],"21":[0,0],"22":[0,0],"23":[0,0],"24":[0,0],"25":[0,0],"26":[0,0],"27":[0,0]},"f":{"1":27,"2":11,"3":11,"4":11,"5":11,"6":11,"7":0,"8":0},"fnMap":{"1":{"name":"constructor","line":52,"loc":{"start":{"line":52,"column":4},"end":{"line":181,"column":4}}},"2":{"name":"power","line":204,"loc":{"start":{"line":204,"column":4},"end":{"line":234,"column":4}}},"3":{"name":"generalLog","line":240,"loc":{"start":{"line":240,"column":4},"end":{"line":263,"column":4}}},"4":{"name":"floorLog2","line":268,"loc":{"start":{"line":268,"column":4},"end":{"line":289,"column":4}}},"5":{"name":"findPositionInMaxExpArray","line":296,"loc":{"start":{"line":296,"column":4},"end":{"line":313,"column":4}}},"6":{"name":"generalExp","line":323,"loc":{"start":{"line":323,"column":4},"end":{"line":397,"column":4}}},"7":{"name":"optimalLog","line":404,"loc":{"start":{"line":404,"column":4},"end":{"line":479,"column":4}}},"8":{"name":"optimalExp","line":486,"loc":{"start":{"line":486,"column":4},"end":{"line":563,"column":4}}}},"statementMap":{"1":{"start":{"line":210,"column":8},"end":{"line":210,"column":60}},"2":{"start":{"line":211,"column":8},"end":{"line":211,"column":64}},"3":{"start":{"line":213,"column":8},"end":{"line":213,"column":23}},"4":{"start":{"line":214,"column":8},"end":{"line":214,"column":50}},"5":{"start":{"line":215,"column":8},"end":{"line":215,"column":12061}},"6":{"start":{"line":221,"column":8},"end":{"line":221,"column":59}},"7":{"start":{"line":222,"column":8},"end":{"line":222,"column":12268}},"8":{"start":{"line":223,"column":12},"end":{"line":223,"column":63}},"9":{"start":{"line":225,"column":12},"end":{"line":225,"column":72}},"10":{"start":{"line":226,"column":12},"end":{"line":226,"column":12482}},"11":{"start":{"line":241,"column":8},"end":{"line":241,"column":23}},"12":{"start":{"line":242,"column":8},"end":{"line":242,"column":22}},"13":{"start":{"line":245,"column":8},"end":{"line":245,"column":13067}},"14":{"start":{"line":246,"column":12},"end":{"line":246,"column":48}},"15":{"start":{"line":252,"column":8},"end":{"line":252,"column":13320}},"16":{"start":{"line":253,"column":12},"end":{"line":253,"column":13355}},"17":{"start":{"line":255,"column":16},"end":{"line":255,"column":13475}},"18":{"start":{"line":262,"column":8},"end":{"line":262,"column":54}},"19":{"start":{"line":269,"column":8},"end":{"line":269,"column":21}},"20":{"start":{"line":270,"column":8},"end":{"line":270,"column":22}},"21":{"start":{"line":272,"column":8},"end":{"line":272,"column":13914}},"22":{"start":{"line":274,"column":12},"end":{"line":274,"column":13981}},"23":{"start":{"line":280,"column":12},"end":{"line":280,"column":14127}},"24":{"start":{"line":281,"column":16},"end":{"line":281,"column":14185}},"25":{"start":{"line":288,"column":8},"end":{"line":288,"column":18}},"26":{"start":{"line":299,"column":8},"end":{"line":299,"column":32}},"27":{"start":{"line":300,"column":8},"end":{"line":300,"column":32}},"28":{"start":{"line":302,"column":8},"end":{"line":302,"column":14858}},"29":{"start":{"line":303,"column":12},"end":{"line":303,"column":37}},"30":{"start":{"line":304,"column":12},"end":{"line":304,"column":14948}},"31":{"start":{"line":308,"column":8},"end":{"line":308,"column":44}},"32":{"start":{"line":308,"column":35},"end":{"line":308,"column":44}},"33":{"start":{"line":309,"column":8},"end":{"line":309,"column":44}},"34":{"start":{"line":309,"column":35},"end":{"line":309,"column":44}},"35":{"start":{"line":311,"column":8},"end":{"line":311,"column":20}},"36":{"start":{"line":312,"column":8},"end":{"line":312,"column":16}},"37":{"start":{"line":327,"column":8},"end":{"line":327,"column":23}},"38":{"start":{"line":328,"column":8},"end":{"line":328,"column":23}},"39":{"start":{"line":395,"column":8},"end":{"line":395,"column":19774}},"40":{"start":{"line":405,"column":8},"end":{"line":405,"column":23}},"41":{"start":{"line":407,"column":8},"end":{"line":407,"column":17}},"42":{"start":{"line":408,"column":8},"end":{"line":408,"column":17}},"43":{"start":{"line":409,"column":8},"end":{"line":409,"column":17}},"44":{"start":{"line":411,"column":8},"end":{"line":411,"column":20179}},"45":{"start":{"line":415,"column":8},"end":{"line":415,"column":20367}},"46":{"start":{"line":419,"column":8},"end":{"line":419,"column":20555}},"47":{"start":{"line":423,"column":8},"end":{"line":423,"column":20743}},"48":{"start":{"line":427,"column":8},"end":{"line":427,"column":20931}},"49":{"start":{"line":431,"column":8},"end":{"line":431,"column":21119}},"50":{"start":{"line":435,"column":8},"end":{"line":435,"column":21307}},"51":{"start":{"line":439,"column":8},"end":{"line":439,"column":21495}},"52":{"start":{"line":478,"column":8},"end":{"line":478,"column":18}},"53":{"start":{"line":487,"column":8},"end":{"line":487,"column":23}},"54":{"start":{"line":489,"column":8},"end":{"line":489,"column":17}},"55":{"start":{"line":490,"column":8},"end":{"line":490,"column":17}},"56":{"start":{"line":533,"column":8},"end":{"line":533,"column":25324}},"57":{"start":{"line":537,"column":8},"end":{"line":537,"column":25517}},"58":{"start":{"line":541,"column":8},"end":{"line":541,"column":25710}},"59":{"start":{"line":545,"column":8},"end":{"line":545,"column":25903}},"60":{"start":{"line":549,"column":8},"end":{"line":549,"column":26096}},"61":{"start":{"line":553,"column":8},"end":{"line":553,"column":26289}},"62":{"start":{"line":557,"column":8},"end":{"line":557,"column":26482}},"63":{"start":{"line":562,"column":8},"end":{"line":562,"column":18}}},"branchMap":{"1":{"line":210,"type":"if","locations":[{"start":{"line":210,"column":8},"end":{"line":210,"column":8}},{"start":{"line":210,"column":8},"end":{"line":210,"column":8}}]},"2":{"line":211,"type":"if","locations":[{"start":{"line":211,"column":8},"end":{"line":211,"column":8}},{"start":{"line":211,"column":8},"end":{"line":211,"column":8}}]},"3":{"line":215,"type":"if","locations":[{"start":{"line":215,"column":8},"end":{"line":215,"column":8}},{"start":{"line":215,"column":8},"end":{"line":215,"column":8}}]},"4":{"line":222,"type":"if","locations":[{"start":{"line":222,"column":8},"end":{"line":222,"column":8}},{"start":{"line":222,"column":8},"end":{"line":222,"column":8}}]},"5":{"line":245,"type":"if","locations":[{"start":{"line":245,"column":8},"end":{"line":245,"column":8}},{"start":{"line":245,"column":8},"end":{"line":245,"column":8}}]},"6":{"line":252,"type":"if","locations":[{"start":{"line":252,"column":8},"end":{"line":252,"column":8}},{"start":{"line":252,"column":8},"end":{"line":252,"column":8}}]},"7":{"line":255,"type":"if","locations":[{"start":{"line":255,"column":16},"end":{"line":255,"column":16}},{"start":{"line":255,"column":16},"end":{"line":255,"column":16}}]},"8":{"line":272,"type":"if","locations":[{"start":{"line":272,"column":8},"end":{"line":272,"column":8}},{"start":{"line":272,"column":8},"end":{"line":272,"column":8}}]},"9":{"line":281,"type":"if","locations":[{"start":{"line":281,"column":16},"end":{"line":281,"column":16}},{"start":{"line":281,"column":16},"end":{"line":281,"column":16}}]},"10":{"line":304,"type":"if","locations":[{"start":{"line":304,"column":12},"end":{"line":304,"column":12}},{"start":{"line":304,"column":12},"end":{"line":304,"column":12}}]},"11":{"line":308,"type":"if","locations":[{"start":{"line":308,"column":8},"end":{"line":308,"column":8}},{"start":{"line":308,"column":8},"end":{"line":308,"column":8}}]},"12":{"line":309,"type":"if","locations":[{"start":{"line":309,"column":8},"end":{"line":309,"column":8}},{"start":{"line":309,"column":8},"end":{"line":309,"column":8}}]},"13":{"line":411,"type":"if","locations":[{"start":{"line":411,"column":8},"end":{"line":411,"column":8}},{"start":{"line":411,"column":8},"end":{"line":411,"column":8}}]},"14":{"line":415,"type":"if","locations":[{"start":{"line":415,"column":8},"end":{"line":415,"column":8}},{"start":{"line":415,"column":8},"end":{"line":415,"column":8}}]},"15":{"line":419,"type":"if","locations":[{"start":{"line":419,"column":8},"end":{"line":419,"column":8}},{"start":{"line":419,"column":8},"end":{"line":419,"column":8}}]},"16":{"line":423,"type":"if","locations":[{"start":{"line":423,"column":8},"end":{"line":423,"column":8}},{"start":{"line":423,"column":8},"end":{"line":423,"column":8}}]},"17":{"line":427,"type":"if","locations":[{"start":{"line":427,"column":8},"end":{"line":427,"column":8}},{"start":{"line":427,"column":8},"end":{"line":427,"column":8}}]},"18":{"line":431,"type":"if","locations":[{"start":{"line":431,"column":8},"end":{"line":431,"column":8}},{"start":{"line":431,"column":8},"end":{"line":431,"column":8}}]},"19":{"line":435,"type":"if","locations":[{"start":{"line":435,"column":8},"end":{"line":435,"column":8}},{"start":{"line":435,"column":8},"end":{"line":435,"column":8}}]},"20":{"line":439,"type":"if","locations":[{"start":{"line":439,"column":8},"end":{"line":439,"column":8}},{"start":{"line":439,"column":8},"end":{"line":439,"column":8}}]},"21":{"line":533,"type":"if","locations":[{"start":{"line":533,"column":8},"end":{"line":533,"column":8}},{"start":{"line":533,"column":8},"end":{"line":533,"column":8}}]},"22":{"line":537,"type":"if","locations":[{"start":{"line":537,"column":8},"end":{"line":537,"column":8}},{"start":{"line":537,"column":8},"end":{"line":537,"column":8}}]},"23":{"line":541,"type":"if","locations":[{"start":{"line":541,"column":8},"end":{"line":541,"column":8}},{"start":{"line":541,"column":8},"end":{"line":541,"column":8}}]},"24":{"line":545,"type":"if","locations":[{"start":{"line":545,"column":8},"end":{"line":545,"column":8}},{"start":{"line":545,"column":8},"end":{"line":545,"column":8}}]},"25":{"line":549,"type":"if","locations":[{"start":{"line":549,"column":8},"end":{"line":549,"column":8}},{"start":{"line":549,"column":8},"end":{"line":549,"column":8}}]},"26":{"line":553,"type":"if","locations":[{"start":{"line":553,"column":8},"end":{"line":553,"column":8}},{"start":{"line":553,"column":8},"end":{"line":553,"column":8}}]},"27":{"line":557,"type":"if","locations":[{"start":{"line":557,"column":8},"end":{"line":557,"column":8}},{"start":{"line":557,"column":8},"end":{"line":557,"column":8}}]}}},
"contracts/NFTWithStaking.sol":{"l":{"43":39,"45":39,"49":3,"53":2,"54":2,"58":11,"66":14,"93":33,"94":33,"95":33,"104":14,"106":13,"107":13,"109":13,"110":13,"114":1,"120":1,"124":3,"126":2,"127":2,"129":2,"130":3,"131":3,"135":3,"136":3,"139":2,"141":1,"147":1,"148":1,"150":1,"151":2,"152":2,"155":2,"158":1,"162":3,"164":2,"165":2,"167":2,"172":2,"175":2,"178":2,"180":2,"181":2,"182":3,"183":2,"187":2,"189":2,"190":2,"192":2,"193":1,"196":2,"202":1,"208":7,"214":7,"215":7,"216":7},"path":"/workspace/rareskills/contracts/NFTWithStaking.sol","s":{"1":39,"2":39,"3":3,"4":2,"5":2,"6":11,"7":14,"8":14,"9":13,"10":13,"11":1,"12":1,"13":3,"14":2,"15":2,"16":2,"17":3,"18":3,"19":2,"20":1,"21":1,"22":1,"23":1,"24":2,"25":2,"26":1,"27":3,"28":2,"29":2,"30":2,"31":2,"32":2,"33":3,"34":2,"35":2,"36":1,"37":2,"38":1,"39":7,"40":7,"41":7,"42":7},"b":{"1":[2,1],"2":[11,1],"3":[13,1],"4":[2,1],"5":[1,1],"6":[2,1],"7":[2,1],"8":[1,1]},"f":{"1":39,"2":3,"3":11,"4":36,"5":14,"6":33,"7":14,"8":1,"9":1,"10":3,"11":1,"12":3,"13":1,"14":7},"fnMap":{"1":{"name":"constructor","line":42,"loc":{"start":{"line":42,"column":4},"end":{"line":46,"column":4}}},"2":{"name":"mint","line":48,"loc":{"start":{"line":48,"column":4},"end":{"line":55,"column":4}}},"3":{"name":"grantMinterRole","line":57,"loc":{"start":{"line":57,"column":4},"end":{"line":59,"column":4}}},"4":{"name":"constructor","line":63,"loc":{"start":{"line":63,"column":4},"end":{"line":63,"column":44}}},"5":{"name":"mint","line":65,"loc":{"start":{"line":65,"column":4},"end":{"line":67,"column":4}}},"6":{"name":"constructor","line":92,"loc":{"start":{"line":92,"column":4},"end":{"line":96,"column":4}}},"7":{"name":"onERC721Received","line":98,"loc":{"start":{"line":98,"column":4},"end":{"line":111,"column":4}}},"8":{"name":"balanceOf","line":113,"loc":{"start":{"line":113,"column":4},"end":{"line":115,"column":4}}},"9":{"name":"timeSinceLastRewardCollected","line":117,"loc":{"start":{"line":117,"column":4},"end":{"line":121,"column":4}}},"10":{"name":"withdrawRewards","line":123,"loc":{"start":{"line":123,"column":4},"end":{"line":142,"column":4}}},"11":{"name":"totalRewardsForStaker","line":144,"loc":{"start":{"line":144,"column":4},"end":{"line":159,"column":4}}},"12":{"name":"withdrawNFT","line":161,"loc":{"start":{"line":161,"column":4},"end":{"line":197,"column":4}}},"13":{"name":"getStakedTokens","line":199,"loc":{"start":{"line":199,"column":4},"end":{"line":203,"column":4}}},"14":{"name":"calculateRewardandReturnLatestTimestamp","line":205,"loc":{"start":{"line":205,"column":4},"end":{"line":217,"column":4}}}},"statementMap":{"1":{"start":{"line":43,"column":8},"end":{"line":43,"column":51}},"2":{"start":{"line":45,"column":8},"end":{"line":45,"column":44}},"3":{"start":{"line":49,"column":8},"end":{"line":49,"column":1588}},"4":{"start":{"line":53,"column":8},"end":{"line":53,"column":24}},"5":{"start":{"line":54,"column":8},"end":{"line":54,"column":19}},"6":{"start":{"line":58,"column":8},"end":{"line":58,"column":33}},"7":{"start":{"line":66,"column":8},"end":{"line":66,"column":33}},"8":{"start":{"line":104,"column":8},"end":{"line":104,"column":64}},"9":{"start":{"line":107,"column":8},"end":{"line":107,"column":41}},"10":{"start":{"line":110,"column":8},"end":{"line":110,"column":56}},"11":{"start":{"line":114,"column":8},"end":{"line":114,"column":40}},"12":{"start":{"line":120,"column":8},"end":{"line":120,"column":81}},"13":{"start":{"line":124,"column":8},"end":{"line":124,"column":74}},"14":{"start":{"line":126,"column":8},"end":{"line":126,"column":28}},"15":{"start":{"line":127,"column":8},"end":{"line":127,"column":60}},"16":{"start":{"line":129,"column":8},"end":{"line":129,"column":3772}},"17":{"start":{"line":130,"column":12},"end":{"line":130,"column":70}},"18":{"start":{"line":131,"column":12},"end":{"line":131,"column":3957}},"19":{"start":{"line":139,"column":8},"end":{"line":139,"column":63}},"20":{"start":{"line":141,"column":8},"end":{"line":141,"column":50}},"21":{"start":{"line":147,"column":8},"end":{"line":147,"column":28}},"22":{"start":{"line":148,"column":8},"end":{"line":148,"column":58}},"23":{"start":{"line":150,"column":8},"end":{"line":150,"column":4500}},"24":{"start":{"line":151,"column":12},"end":{"line":151,"column":70}},"25":{"start":{"line":152,"column":12},"end":{"line":152,"column":4632}},"26":{"start":{"line":158,"column":8},"end":{"line":158,"column":27}},"27":{"start":{"line":162,"column":8},"end":{"line":162,"column":77}},"28":{"start":{"line":164,"column":8},"end":{"line":164,"column":23}},"29":{"start":{"line":165,"column":8},"end":{"line":165,"column":31}},"30":{"start":{"line":178,"column":8},"end":{"line":178,"column":58}},"31":{"start":{"line":180,"column":8},"end":{"line":180,"column":14}},"32":{"start":{"line":181,"column":8},"end":{"line":181,"column":5431}},"33":{"start":{"line":182,"column":12},"end":{"line":182,"column":5496}},"34":{"start":{"line":190,"column":8},"end":{"line":190,"column":39}},"35":{"start":{"line":192,"column":8},"end":{"line":192,"column":5753}},"36":{"start":{"line":193,"column":12},"end":{"line":193,"column":49}},"37":{"start":{"line":196,"column":8},"end":{"line":196,"column":72}},"38":{"start":{"line":202,"column":8},"end":{"line":202,"column":39}},"39":{"start":{"line":208,"column":8},"end":{"line":208,"column":6264}},"40":{"start":{"line":214,"column":8},"end":{"line":214,"column":87}},"41":{"start":{"line":215,"column":8},"end":{"line":215,"column":54}},"42":{"start":{"line":216,"column":8},"end":{"line":216,"column":41}}},"branchMap":{"1":{"line":49,"type":"if","locations":[{"start":{"line":49,"column":8},"end":{"line":49,"column":8}},{"start":{"line":49,"column":8},"end":{"line":49,"column":8}}]},"2":{"line":57,"type":"if","locations":[{"start":{"line":57,"column":50},"end":{"line":57,"column":50}},{"start":{"line":57,"column":50},"end":{"line":57,"column":50}}]},"3":{"line":104,"type":"if","locations":[{"start":{"line":104,"column":8},"end":{"line":104,"column":8}},{"start":{"line":104,"column":8},"end":{"line":104,"column":8}}]},"4":{"line":124,"type":"if","locations":[{"start":{"line":124,"column":8},"end":{"line":124,"column":8}},{"start":{"line":124,"column":8},"end":{"line":124,"column":8}}]},"5":{"line":139,"type":"if","locations":[{"start":{"line":139,"column":8},"end":{"line":139,"column":8}},{"start":{"line":139,"column":8},"end":{"line":139,"column":8}}]},"6":{"line":162,"type":"if","locations":[{"start":{"line":162,"column":8},"end":{"line":162,"column":8}},{"start":{"line":162,"column":8},"end":{"line":162,"column":8}}]},"7":{"line":182,"type":"if","locations":[{"start":{"line":182,"column":12},"end":{"line":182,"column":12}},{"start":{"line":182,"column":12},"end":{"line":182,"column":12}}]},"8":{"line":192,"type":"if","locations":[{"start":{"line":192,"column":8},"end":{"line":192,"column":8}},{"start":{"line":192,"column":8},"end":{"line":192,"column":8}}]}}},
"contracts/TokenSaleWithBondingCurve.sol":{"l":{"59":27,"69":5,"70":5,"74":5,"76":5,"83":5,"84":5,"85":5,"93":7,"94":1,"97":6,"99":6,"100":6,"102":6,"104":6,"111":6,"112":6,"114":6,"118":6,"120":6,"122":5,"124":5,"126":5,"127":5,"139":6,"140":6,"142":5,"143":5,"145":5,"147":5,"148":5,"149":5,"151":5,"154":5,"156":4,"169":2,"173":2,"175":2},"path":"/workspace/rareskills/contracts/TokenSaleWithBondingCurve.sol","s":{"1":27,"2":5,"3":5,"4":5,"5":5,"6":5,"7":5,"8":7,"9":1,"10":6,"11":6,"12":6,"13":6,"14":6,"15":6,"16":6,"17":6,"18":6,"19":5,"20":5,"21":5,"22":6,"23":6,"24":5,"25":5,"26":5,"27":5,"28":5,"29":4,"30":2,"31":2},"b":{"1":[1,6],"2":[5,1],"3":[5,1],"4":[4,1],"5":[2,1],"6":[1,1]},"f":{"1":27,"2":5,"3":7,"4":6,"5":6,"6":2},"fnMap":{"1":{"name":"constructor","line":58,"loc":{"start":{"line":55,"column":4},"end":{"line":60,"column":4}}},"2":{"name":"computePurchaseReturns","line":67,"loc":{"start":{"line":67,"column":4},"end":{"line":86,"column":4}}},"3":{"name":"computeSaleReturns","line":92,"loc":{"start":{"line":92,"column":4},"end":{"line":115,"column":4}}},"4":{"name":"buyTokens","line":117,"loc":{"start":{"line":117,"column":4},"end":{"line":128,"column":4}}},"5":{"name":"sellTokens","line":138,"loc":{"start":{"line":138,"column":4},"end":{"line":157,"column":4}}},"6":{"name":"withdrawSellBackFees","line":167,"loc":{"start":{"line":167,"column":4},"end":{"line":176,"column":4}}}},"statementMap":{"1":{"start":{"line":59,"column":8},"end":{"line":59,"column":30}},"2":{"start":{"line":69,"column":8},"end":{"line":69,"column":22}},"3":{"start":{"line":70,"column":8},"end":{"line":70,"column":23}},"4":{"start":{"line":74,"column":8},"end":{"line":74,"column":53}},"5":{"start":{"line":83,"column":8},"end":{"line":83,"column":43}},"6":{"start":{"line":84,"column":8},"end":{"line":84,"column":69}},"7":{"start":{"line":85,"column":8},"end":{"line":85,"column":43}},"8":{"start":{"line":93,"column":8},"end":{"line":93,"column":2927}},"9":{"start":{"line":94,"column":12},"end":{"line":94,"column":20}},"10":{"start":{"line":97,"column":8},"end":{"line":97,"column":39}},"11":{"start":{"line":99,"column":8},"end":{"line":99,"column":22}},"12":{"start":{"line":100,"column":8},"end":{"line":100,"column":23}},"13":{"start":{"line":102,"column":8},"end":{"line":102,"column":45}},"14":{"start":{"line":111,"column":8},"end":{"line":111,"column":56}},"15":{"start":{"line":112,"column":8},"end":{"line":112,"column":57}},"16":{"start":{"line":114,"column":8},"end":{"line":114,"column":53}},"17":{"start":{"line":118,"column":8},"end":{"line":118,"column":37}},"18":{"start":{"line":120,"column":8},"end":{"line":120,"column":60}},"19":{"start":{"line":122,"column":8},"end":{"line":122,"column":64}},"20":{"start":{"line":126,"column":8},"end":{"line":126,"column":38}},"21":{"start":{"line":127,"column":8},"end":{"line":127,"column":27}},"22":{"start":{"line":139,"column":8},"end":{"line":139,"column":47}},"23":{"start":{"line":140,"column":8},"end":{"line":140,"column":57}},"24":{"start":{"line":142,"column":8},"end":{"line":142,"column":54}},"25":{"start":{"line":143,"column":8},"end":{"line":143,"column":40}},"26":{"start":{"line":147,"column":8},"end":{"line":147,"column":32}},"27":{"start":{"line":151,"column":8},"end":{"line":151,"column":4482}},"28":{"start":{"line":154,"column":8},"end":{"line":154,"column":44}},"29":{"start":{"line":156,"column":8},"end":{"line":156,"column":24}},"30":{"start":{"line":169,"column":8},"end":{"line":169,"column":4916}},"31":{"start":{"line":175,"column":8},"end":{"line":175,"column":44}}},"branchMap":{"1":{"line":93,"type":"if","locations":[{"start":{"line":93,"column":8},"end":{"line":93,"column":8}},{"start":{"line":93,"column":8},"end":{"line":93,"column":8}}]},"2":{"line":120,"type":"if","locations":[{"start":{"line":120,"column":8},"end":{"line":120,"column":8}},{"start":{"line":120,"column":8},"end":{"line":120,"column":8}}]},"3":{"line":140,"type":"if","locations":[{"start":{"line":140,"column":8},"end":{"line":140,"column":8}},{"start":{"line":140,"column":8},"end":{"line":140,"column":8}}]},"4":{"line":154,"type":"if","locations":[{"start":{"line":154,"column":8},"end":{"line":154,"column":8}},{"start":{"line":154,"column":8},"end":{"line":154,"column":8}}]},"5":{"line":167,"type":"if","locations":[{"start":{"line":167,"column":45},"end":{"line":167,"column":45}},{"start":{"line":167,"column":45},"end":{"line":167,"column":45}}]},"6":{"line":175,"type":"if","locations":[{"start":{"line":175,"column":8},"end":{"line":175,"column":8}},{"start":{"line":175,"column":8},"end":{"line":175,"column":8}}]}}},
"contracts/TokenWithGodMode.sol":{"l":{"34":48,"35":48,"36":48,"37":48,"44":3,"52":1,"56":2,"57":1,"58":1,"59":1,"63":1},"path":"/workspace/rareskills/contracts/TokenWithGodMode.sol","s":{"1":48,"2":48,"3":48,"4":3,"5":1,"6":2,"7":1,"8":1,"9":1},"b":{"1":[3,1],"2":[1,1],"3":[2,1],"4":[1,1]},"f":{"1":48,"2":3,"3":1,"4":2,"5":1},"fnMap":{"1":{"name":"constructor","line":33,"loc":{"start":{"line":33,"column":4},"end":{"line":38,"column":4}}},"2":{"name":"mint","line":43,"loc":{"start":{"line":40,"column":4},"end":{"line":45,"column":4}}},"3":{"name":"transferGodMode","line":51,"loc":{"start":{"line":47,"column":4},"end":{"line":53,"column":4}}},"4":{"name":"assignGodRole","line":55,"loc":{"start":{"line":55,"column":4},"end":{"line":60,"column":4}}},"5":{"name":"isGod","line":62,"loc":{"start":{"line":62,"column":4},"end":{"line":64,"column":4}}}},"statementMap":{"1":{"start":{"line":34,"column":8},"end":{"line":34,"column":49}},"2":{"start":{"line":35,"column":8},"end":{"line":35,"column":50}},"3":{"start":{"line":36,"column":8},"end":{"line":36,"column":38}},"4":{"start":{"line":44,"column":8},"end":{"line":44,"column":31}},"5":{"start":{"line":52,"column":8},"end":{"line":52,"column":34}},"6":{"start":{"line":56,"column":8},"end":{"line":56,"column":56}},"7":{"start":{"line":57,"column":8},"end":{"line":57,"column":32}},"8":{"start":{"line":58,"column":8},"end":{"line":58,"column":36}},"9":{"start":{"line":63,"column":8},"end":{"line":63,"column":38}}},"branchMap":{"1":{"line":43,"type":"if","locations":[{"start":{"line":43,"column":15},"end":{"line":43,"column":15}},{"start":{"line":43,"column":15},"end":{"line":43,"column":15}}]},"2":{"line":51,"type":"if","locations":[{"start":{"line":51,"column":15},"end":{"line":51,"column":15}},{"start":{"line":51,"column":15},"end":{"line":51,"column":15}}]},"3":{"line":55,"type":"if","locations":[{"start":{"line":55,"column":50},"end":{"line":55,"column":50}},{"start":{"line":55,"column":50},"end":{"line":55,"column":50}}]},"4":{"line":56,"type":"if","locations":[{"start":{"line":56,"column":8},"end":{"line":56,"column":8}},{"start":{"line":56,"column":8},"end":{"line":56,"column":8}}]}}}}
