{
"contracts/Forge.sol":{"l":{"12":45,"16":19,"17":19,"21":1,"25":1,"26":1,"30":21,"31":20,"32":7,"35":19,"39":6,"41":5,"42":1,"43":1,"45":1,"46":1,"48":1,"49":1,"51":1,"52":1,"57":1,"61":3,"62":2,"63":1,"67":1,"71":2,"72":2,"73":6,"75":2,"79":6,"80":6,"81":12,"83":6},"path":"/workspace/rareskills/contracts/Forge.sol","s":{"1":19,"2":1,"3":1,"4":1,"5":21,"6":20,"7":7,"8":19,"9":6,"10":5,"11":1,"12":1,"13":4,"14":1,"15":1,"16":3,"17":1,"18":1,"19":2,"20":1,"21":1,"22":1,"23":3,"24":2,"25":1,"26":1,"27":2,"28":2,"29":2,"30":6,"31":6,"32":6},"b":{"1":[20,1],"2":[7,13],"3":[6,1],"4":[5,1],"5":[1,4],"6":[1,3],"7":[1,2],"8":[1,1],"9":[2,1],"10":[1,1]},"f":{"1":45,"2":19,"3":1,"4":1,"5":21,"6":6,"7":1,"8":3,"9":1,"10":2,"11":6},"fnMap":{"1":{"name":"constructor","line":11,"loc":{"start":{"line":11,"column":4},"end":{"line":13,"column":4}}},"2":{"name":"_mint","line":15,"loc":{"start":{"line":15,"column":4},"end":{"line":18,"column":4}}},"3":{"name":"_burn","line":20,"loc":{"start":{"line":20,"column":4},"end":{"line":22,"column":4}}},"4":{"name":"_trade","line":24,"loc":{"start":{"line":24,"column":4},"end":{"line":27,"column":4}}},"5":{"name":"mint","line":29,"loc":{"start":{"line":29,"column":4},"end":{"line":36,"column":4}}},"6":{"name":"forge","line":38,"loc":{"start":{"line":38,"column":4},"end":{"line":54,"column":4}}},"7":{"name":"burn","line":56,"loc":{"start":{"line":56,"column":4},"end":{"line":58,"column":4}}},"8":{"name":"trade","line":60,"loc":{"start":{"line":60,"column":4},"end":{"line":64,"column":4}}},"9":{"name":"getMintCooldownTime","line":66,"loc":{"start":{"line":66,"column":4},"end":{"line":68,"column":4}}},"10":{"name":"unwrapArray","line":70,"loc":{"start":{"line":70,"column":4},"end":{"line":76,"column":4}}},"11":{"name":"unwrapArray","line":78,"loc":{"start":{"line":78,"column":4},"end":{"line":84,"column":4}}}},"statementMap":{"1":{"start":{"line":17,"column":8},"end":{"line":17,"column":26}},"2":{"start":{"line":21,"column":8},"end":{"line":21,"column":33}},"3":{"start":{"line":25,"column":8},"end":{"line":25,"column":37}},"4":{"start":{"line":26,"column":8},"end":{"line":26,"column":35}},"5":{"start":{"line":30,"column":8},"end":{"line":30,"column":48}},"6":{"start":{"line":31,"column":8},"end":{"line":31,"column":828}},"7":{"start":{"line":32,"column":12},"end":{"line":32,"column":85}},"8":{"start":{"line":35,"column":8},"end":{"line":35,"column":28}},"9":{"start":{"line":39,"column":8},"end":{"line":39,"column":53}},"10":{"start":{"line":41,"column":8},"end":{"line":41,"column":1124}},"11":{"start":{"line":42,"column":12},"end":{"line":42,"column":80}},"12":{"start":{"line":43,"column":12},"end":{"line":43,"column":37}},"13":{"start":{"line":44,"column":15},"end":{"line":44,"column":1295}},"14":{"start":{"line":45,"column":12},"end":{"line":45,"column":76}},"15":{"start":{"line":46,"column":12},"end":{"line":46,"column":37}},"16":{"start":{"line":47,"column":15},"end":{"line":47,"column":1452}},"17":{"start":{"line":48,"column":12},"end":{"line":48,"column":76}},"18":{"start":{"line":49,"column":12},"end":{"line":49,"column":37}},"19":{"start":{"line":50,"column":15},"end":{"line":50,"column":1609}},"20":{"start":{"line":51,"column":12},"end":{"line":51,"column":76}},"21":{"start":{"line":52,"column":12},"end":{"line":52,"column":37}},"22":{"start":{"line":57,"column":8},"end":{"line":57,"column":36}},"23":{"start":{"line":61,"column":8},"end":{"line":61,"column":43}},"24":{"start":{"line":62,"column":8},"end":{"line":62,"column":57}},"25":{"start":{"line":63,"column":8},"end":{"line":63,"column":47}},"26":{"start":{"line":67,"column":8},"end":{"line":67,"column":33}},"27":{"start":{"line":71,"column":8},"end":{"line":71,"column":47}},"28":{"start":{"line":72,"column":8},"end":{"line":72,"column":2382}},"29":{"start":{"line":75,"column":8},"end":{"line":75,"column":18}},"30":{"start":{"line":79,"column":8},"end":{"line":79,"column":47}},"31":{"start":{"line":80,"column":8},"end":{"line":80,"column":2633}},"32":{"start":{"line":83,"column":8},"end":{"line":83,"column":18}}},"branchMap":{"1":{"line":30,"type":"if","locations":[{"start":{"line":30,"column":8},"end":{"line":30,"column":8}},{"start":{"line":30,"column":8},"end":{"line":30,"column":8}}]},"2":{"line":31,"type":"if","locations":[{"start":{"line":31,"column":8},"end":{"line":31,"column":8}},{"start":{"line":31,"column":8},"end":{"line":31,"column":8}}]},"3":{"line":32,"type":"if","locations":[{"start":{"line":32,"column":12},"end":{"line":32,"column":12}},{"start":{"line":32,"column":12},"end":{"line":32,"column":12}}]},"4":{"line":39,"type":"if","locations":[{"start":{"line":39,"column":8},"end":{"line":39,"column":8}},{"start":{"line":39,"column":8},"end":{"line":39,"column":8}}]},"5":{"line":41,"type":"if","locations":[{"start":{"line":41,"column":8},"end":{"line":41,"column":8}},{"start":{"line":41,"column":8},"end":{"line":41,"column":8}}]},"6":{"line":44,"type":"if","locations":[{"start":{"line":44,"column":15},"end":{"line":44,"column":15}},{"start":{"line":44,"column":15},"end":{"line":44,"column":15}}]},"7":{"line":47,"type":"if","locations":[{"start":{"line":47,"column":15},"end":{"line":47,"column":15}},{"start":{"line":47,"column":15},"end":{"line":47,"column":15}}]},"8":{"line":50,"type":"if","locations":[{"start":{"line":50,"column":15},"end":{"line":50,"column":15}},{"start":{"line":50,"column":15},"end":{"line":50,"column":15}}]},"9":{"line":61,"type":"if","locations":[{"start":{"line":61,"column":8},"end":{"line":61,"column":8}},{"start":{"line":61,"column":8},"end":{"line":61,"column":8}}]},"10":{"line":62,"type":"if","locations":[{"start":{"line":62,"column":8},"end":{"line":62,"column":8}},{"start":{"line":62,"column":8},"end":{"line":62,"column":8}}]}}},
"contracts/GenBukowski.sol":{"l":{"19":87,"20":87,"21":87,"25":2,"28":32,"29":31,"33":3,"37":5,"41":19,"43":18,"47":1,"51":2},"path":"/workspace/rareskills/contracts/GenBukowski.sol","s":{"1":87,"2":87,"3":87,"4":2,"5":32,"6":31,"7":3,"8":5,"9":19,"10":18,"11":1,"12":2},"b":{"1":[32,1],"2":[31,1],"3":[3,1],"4":[5,1],"5":[19,1],"6":[18,1],"7":[1,1]},"f":{"1":87,"2":2,"3":32,"4":3,"5":5,"6":19,"7":1,"8":2},"fnMap":{"1":{"name":"constructor","line":18,"loc":{"start":{"line":18,"column":4},"end":{"line":22,"column":4}}},"2":{"name":"supportsInterface","line":24,"loc":{"start":{"line":24,"column":4},"end":{"line":26,"column":4}}},"3":{"name":"mint","line":27,"loc":{"start":{"line":27,"column":4},"end":{"line":30,"column":4}}},"4":{"name":"burn","line":32,"loc":{"start":{"line":32,"column":4},"end":{"line":34,"column":4}}},"5":{"name":"burnBatch","line":36,"loc":{"start":{"line":36,"column":4},"end":{"line":38,"column":4}}},"6":{"name":"assignMinter","line":40,"loc":{"start":{"line":40,"column":4},"end":{"line":44,"column":4}}},"7":{"name":"revokeMinter","line":46,"loc":{"start":{"line":46,"column":4},"end":{"line":48,"column":4}}},"8":{"name":"isMinter","line":50,"loc":{"start":{"line":50,"column":4},"end":{"line":52,"column":4}}}},"statementMap":{"1":{"start":{"line":19,"column":8},"end":{"line":19,"column":49}},"2":{"start":{"line":20,"column":8},"end":{"line":20,"column":53}},"3":{"start":{"line":21,"column":8},"end":{"line":21,"column":41}},"4":{"start":{"line":25,"column":8},"end":{"line":25,"column":51}},"5":{"start":{"line":28,"column":8},"end":{"line":28,"column":42}},"6":{"start":{"line":29,"column":8},"end":{"line":29,"column":32}},"7":{"start":{"line":33,"column":8},"end":{"line":33,"column":30}},"8":{"start":{"line":37,"column":8},"end":{"line":37,"column":37}},"9":{"start":{"line":41,"column":8},"end":{"line":41,"column":48}},"10":{"start":{"line":43,"column":8},"end":{"line":43,"column":34}},"11":{"start":{"line":47,"column":8},"end":{"line":47,"column":35}},"12":{"start":{"line":51,"column":8},"end":{"line":51,"column":41}}},"branchMap":{"1":{"line":27,"type":"if","locations":[{"start":{"line":27,"column":67},"end":{"line":27,"column":67}},{"start":{"line":27,"column":67},"end":{"line":27,"column":67}}]},"2":{"line":28,"type":"if","locations":[{"start":{"line":28,"column":8},"end":{"line":28,"column":8}},{"start":{"line":28,"column":8},"end":{"line":28,"column":8}}]},"3":{"line":32,"type":"if","locations":[{"start":{"line":32,"column":69},"end":{"line":32,"column":69}},{"start":{"line":32,"column":69},"end":{"line":32,"column":69}}]},"4":{"line":36,"type":"if","locations":[{"start":{"line":36,"column":94},"end":{"line":36,"column":94}},{"start":{"line":36,"column":94},"end":{"line":36,"column":94}}]},"5":{"line":40,"type":"if","locations":[{"start":{"line":40,"column":47},"end":{"line":40,"column":47}},{"start":{"line":40,"column":47},"end":{"line":40,"column":47}}]},"6":{"line":41,"type":"if","locations":[{"start":{"line":41,"column":8},"end":{"line":41,"column":8}},{"start":{"line":41,"column":8},"end":{"line":41,"column":8}}]},"7":{"line":46,"type":"if","locations":[{"start":{"line":46,"column":47},"end":{"line":46,"column":47}},{"start":{"line":46,"column":47},"end":{"line":46,"column":47}}]}}}}
