TN:
SF:/workspace/rareskills/contracts/Forge.sol
FN:11,constructor
FN:15,_mint
FN:20,_burn
FN:24,_trade
FN:29,mint
FN:38,forge
FN:56,burn
FN:60,trade
FN:66,getMintCooldownTime
FN:70,unwrapArray
FN:78,unwrapArray
FNF:11
FNH:11
FNDA:45,constructor
FNDA:19,_mint
FNDA:1,_burn
FNDA:1,_trade
FNDA:21,mint
FNDA:6,forge
FNDA:1,burn
FNDA:3,trade
FNDA:1,getMintCooldownTime
FNDA:2,unwrapArray
FNDA:6,unwrapArray
DA:12,45
DA:16,19
DA:17,19
DA:21,1
DA:25,1
DA:26,1
DA:30,21
DA:31,20
DA:32,7
DA:35,19
DA:39,6
DA:41,5
DA:42,1
DA:43,1
DA:45,1
DA:46,1
DA:48,1
DA:49,1
DA:51,1
DA:52,1
DA:57,1
DA:61,3
DA:62,2
DA:63,1
DA:67,1
DA:71,2
DA:72,2
DA:73,6
DA:75,2
DA:79,6
DA:80,6
DA:81,12
DA:83,6
LF:33
LH:33
BRDA:30,1,0,20
BRDA:30,1,1,1
BRDA:31,2,0,7
BRDA:31,2,1,13
BRDA:32,3,0,6
BRDA:32,3,1,1
BRDA:39,4,0,5
BRDA:39,4,1,1
BRDA:41,5,0,1
BRDA:41,5,1,4
BRDA:44,6,0,1
BRDA:44,6,1,3
BRDA:47,7,0,1
BRDA:47,7,1,2
BRDA:50,8,0,1
BRDA:50,8,1,1
BRDA:61,9,0,2
BRDA:61,9,1,1
BRDA:62,10,0,1
BRDA:62,10,1,1
BRF:20
BRH:20
end_of_record
TN:
SF:/workspace/rareskills/contracts/GenBukowski.sol
FN:18,constructor
FN:24,supportsInterface
FN:27,mint
FN:32,burn
FN:36,burnBatch
FN:40,assignMinter
FN:46,revokeMinter
FN:50,isMinter
FNF:8
FNH:8
FNDA:87,constructor
FNDA:2,supportsInterface
FNDA:32,mint
FNDA:3,burn
FNDA:5,burnBatch
FNDA:19,assignMinter
FNDA:1,revokeMinter
FNDA:2,isMinter
DA:19,87
DA:20,87
DA:21,87
DA:25,2
DA:28,32
DA:29,31
DA:33,3
DA:37,5
DA:41,19
DA:43,18
DA:47,1
DA:51,2
LF:12
LH:12
BRDA:27,1,0,32
BRDA:27,1,1,1
BRDA:28,2,0,31
BRDA:28,2,1,1
BRDA:32,3,0,3
BRDA:32,3,1,1
BRDA:36,4,0,5
BRDA:36,4,1,1
BRDA:40,5,0,19
BRDA:40,5,1,1
BRDA:41,6,0,18
BRDA:41,6,1,1
BRDA:46,7,0,1
BRDA:46,7,1,1
BRF:14
BRH:14
end_of_record
