TN:
SF:/workspace/rareskills/contracts/math/Power.sol
FN:52,constructor
FN:204,power
FN:240,generalLog
FN:268,floorLog2
FN:296,findPositionInMaxExpArray
FN:323,generalExp
FN:404,optimalLog
FN:486,optimalExp
FNF:8
FNH:6
FNDA:27,constructor
FNDA:11,power
FNDA:11,generalLog
FNDA:11,floorLog2
FNDA:11,findPositionInMaxExpArray
FNDA:11,generalExp
FNDA:0,optimalLog
FNDA:0,optimalExp
DA:85,27
DA:86,27
DA:87,27
DA:88,27
DA:89,27
DA:90,27
DA:91,27
DA:92,27
DA:93,27
DA:94,27
DA:95,27
DA:96,27
DA:97,27
DA:98,27
DA:99,27
DA:100,27
DA:101,27
DA:102,27
DA:103,27
DA:104,27
DA:105,27
DA:106,27
DA:107,27
DA:108,27
DA:109,27
DA:110,27
DA:111,27
DA:112,27
DA:113,27
DA:114,27
DA:115,27
DA:116,27
DA:117,27
DA:118,27
DA:119,27
DA:120,27
DA:121,27
DA:122,27
DA:123,27
DA:124,27
DA:125,27
DA:126,27
DA:127,27
DA:128,27
DA:129,27
DA:130,27
DA:131,27
DA:132,27
DA:133,27
DA:134,27
DA:135,27
DA:136,27
DA:137,27
DA:138,27
DA:139,27
DA:140,27
DA:141,27
DA:142,27
DA:143,27
DA:144,27
DA:145,27
DA:146,27
DA:147,27
DA:148,27
DA:149,27
DA:150,27
DA:151,27
DA:152,27
DA:153,27
DA:154,27
DA:155,27
DA:156,27
DA:157,27
DA:158,27
DA:159,27
DA:160,27
DA:161,27
DA:162,27
DA:163,27
DA:164,27
DA:165,27
DA:166,27
DA:167,27
DA:168,27
DA:169,27
DA:170,27
DA:171,27
DA:172,27
DA:173,27
DA:174,27
DA:175,27
DA:176,27
DA:177,27
DA:178,27
DA:179,27
DA:180,27
DA:210,11
DA:211,11
DA:213,11
DA:214,11
DA:215,11
DA:216,0
DA:218,11
DA:221,11
DA:222,11
DA:223,0
DA:225,11
DA:226,11
DA:241,11
DA:242,11
DA:245,11
DA:246,11
DA:247,11
DA:248,11
DA:252,11
DA:253,11
DA:254,1397
DA:255,1397
DA:256,689
DA:257,689
DA:262,11
DA:269,11
DA:270,11
DA:272,11
DA:274,0
DA:275,0
DA:276,0
DA:280,11
DA:281,88
DA:282,60
DA:283,60
DA:288,11
DA:299,11
DA:300,11
DA:302,11
DA:303,77
DA:304,77
DA:308,11
DA:309,11
DA:311,0
DA:312,0
DA:327,11
DA:328,11
DA:330,11
DA:331,11
DA:332,11
DA:333,11
DA:334,11
DA:335,11
DA:336,11
DA:337,11
DA:338,11
DA:339,11
DA:340,11
DA:341,11
DA:342,11
DA:343,11
DA:344,11
DA:345,11
DA:346,11
DA:347,11
DA:348,11
DA:349,11
DA:350,11
DA:351,11
DA:352,11
DA:353,11
DA:354,11
DA:355,11
DA:356,11
DA:357,11
DA:358,11
DA:359,11
DA:360,11
DA:361,11
DA:362,11
DA:363,11
DA:364,11
DA:365,11
DA:366,11
DA:367,11
DA:368,11
DA:369,11
DA:370,11
DA:371,11
DA:372,11
DA:373,11
DA:374,11
DA:375,11
DA:376,11
DA:377,11
DA:378,11
DA:379,11
DA:380,11
DA:381,11
DA:382,11
DA:383,11
DA:384,11
DA:385,11
DA:386,11
DA:387,11
DA:388,11
DA:389,11
DA:390,11
DA:391,11
DA:392,11
DA:393,11
DA:395,11
DA:405,0
DA:407,0
DA:408,0
DA:409,0
DA:411,0
DA:412,0
DA:413,0
DA:415,0
DA:416,0
DA:417,0
DA:419,0
DA:420,0
DA:421,0
DA:423,0
DA:424,0
DA:425,0
DA:427,0
DA:428,0
DA:429,0
DA:431,0
DA:432,0
DA:433,0
DA:435,0
DA:436,0
DA:437,0
DA:439,0
DA:440,0
DA:441,0
DA:444,0
DA:445,0
DA:446,0
DA:449,0
DA:450,0
DA:453,0
DA:454,0
DA:457,0
DA:458,0
DA:461,0
DA:462,0
DA:465,0
DA:466,0
DA:469,0
DA:470,0
DA:473,0
DA:474,0
DA:478,0
DA:487,0
DA:489,0
DA:490,0
DA:492,0
DA:493,0
DA:494,0
DA:495,0
DA:496,0
DA:497,0
DA:498,0
DA:499,0
DA:500,0
DA:501,0
DA:502,0
DA:503,0
DA:504,0
DA:505,0
DA:506,0
DA:507,0
DA:508,0
DA:509,0
DA:510,0
DA:511,0
DA:512,0
DA:513,0
DA:514,0
DA:515,0
DA:516,0
DA:517,0
DA:518,0
DA:519,0
DA:520,0
DA:521,0
DA:522,0
DA:523,0
DA:524,0
DA:525,0
DA:526,0
DA:527,0
DA:528,0
DA:529,0
DA:530,0
DA:531,0
DA:533,0
DA:534,0
DA:537,0
DA:538,0
DA:541,0
DA:542,0
DA:545,0
DA:546,0
DA:549,0
DA:550,0
DA:553,0
DA:554,0
DA:557,0
DA:558,0
DA:562,0
LF:312
LH:201
BRDA:210,1,0,11
BRDA:210,1,1,0
BRDA:211,2,0,11
BRDA:211,2,1,0
BRDA:215,3,0,0
BRDA:215,3,1,11
BRDA:222,4,0,0
BRDA:222,4,1,11
BRDA:245,5,0,11
BRDA:245,5,1,0
BRDA:252,6,0,11
BRDA:252,6,1,0
BRDA:255,7,0,689
BRDA:255,7,1,708
BRDA:272,8,0,0
BRDA:272,8,1,11
BRDA:281,9,0,60
BRDA:281,9,1,28
BRDA:304,10,0,37
BRDA:304,10,1,40
BRDA:308,11,0,0
BRDA:308,11,1,11
BRDA:309,12,0,11
BRDA:309,12,1,0
BRDA:411,13,0,0
BRDA:411,13,1,0
BRDA:415,14,0,0
BRDA:415,14,1,0
BRDA:419,15,0,0
BRDA:419,15,1,0
BRDA:423,16,0,0
BRDA:423,16,1,0
BRDA:427,17,0,0
BRDA:427,17,1,0
BRDA:431,18,0,0
BRDA:431,18,1,0
BRDA:435,19,0,0
BRDA:435,19,1,0
BRDA:439,20,0,0
BRDA:439,20,1,0
BRDA:533,21,0,0
BRDA:533,21,1,0
BRDA:537,22,0,0
BRDA:537,22,1,0
BRDA:541,23,0,0
BRDA:541,23,1,0
BRDA:545,24,0,0
BRDA:545,24,1,0
BRDA:549,25,0,0
BRDA:549,25,1,0
BRDA:553,26,0,0
BRDA:553,26,1,0
BRDA:557,27,0,0
BRDA:557,27,1,0
BRF:54
BRH:15
end_of_record
TN:
SF:/workspace/rareskills/contracts/NFTWithStaking.sol
FN:42,constructor
FN:48,mint
FN:57,grantMinterRole
FN:63,constructor
FN:65,mint
FN:92,constructor
FN:98,onERC721Received
FN:113,balanceOf
FN:117,timeSinceLastRewardCollected
FN:123,withdrawRewards
FN:144,totalRewardsForStaker
FN:161,withdrawNFT
FN:199,getStakedTokens
FN:205,calculateRewardandReturnLatestTimestamp
FNF:14
FNH:14
FNDA:39,constructor
FNDA:3,mint
FNDA:11,grantMinterRole
FNDA:36,constructor
FNDA:14,mint
FNDA:33,constructor
FNDA:14,onERC721Received
FNDA:1,balanceOf
FNDA:1,timeSinceLastRewardCollected
FNDA:3,withdrawRewards
FNDA:1,totalRewardsForStaker
FNDA:3,withdrawNFT
FNDA:1,getStakedTokens
FNDA:7,calculateRewardandReturnLatestTimestamp
DA:43,39
DA:45,39
DA:49,3
DA:53,2
DA:54,2
DA:58,11
DA:66,14
DA:93,33
DA:94,33
DA:95,33
DA:104,14
DA:106,13
DA:107,13
DA:109,13
DA:110,13
DA:114,1
DA:120,1
DA:124,3
DA:126,2
DA:127,2
DA:129,2
DA:130,3
DA:131,3
DA:135,3
DA:136,3
DA:139,2
DA:141,1
DA:147,1
DA:148,1
DA:150,1
DA:151,2
DA:152,2
DA:155,2
DA:158,1
DA:162,3
DA:164,2
DA:165,2
DA:167,2
DA:172,2
DA:175,2
DA:178,2
DA:180,2
DA:181,2
DA:182,3
DA:183,2
DA:187,2
DA:189,2
DA:190,2
DA:192,2
DA:193,1
DA:196,2
DA:202,1
DA:208,7
DA:214,7
DA:215,7
DA:216,7
LF:56
LH:56
BRDA:49,1,0,2
BRDA:49,1,1,1
BRDA:57,2,0,11
BRDA:57,2,1,1
BRDA:104,3,0,13
BRDA:104,3,1,1
BRDA:124,4,0,2
BRDA:124,4,1,1
BRDA:139,5,0,1
BRDA:139,5,1,1
BRDA:162,6,0,2
BRDA:162,6,1,1
BRDA:182,7,0,2
BRDA:182,7,1,1
BRDA:192,8,0,1
BRDA:192,8,1,1
BRF:16
BRH:16
end_of_record
TN:
SF:/workspace/rareskills/contracts/TokenSaleWithBondingCurve.sol
FN:58,constructor
FN:67,computePurchaseReturns
FN:92,computeSaleReturns
FN:117,buyTokens
FN:138,sellTokens
FN:167,withdrawSellBackFees
FNF:6
FNH:6
FNDA:27,constructor
FNDA:5,computePurchaseReturns
FNDA:7,computeSaleReturns
FNDA:6,buyTokens
FNDA:6,sellTokens
FNDA:2,withdrawSellBackFees
DA:59,27
DA:69,5
DA:70,5
DA:74,5
DA:76,5
DA:83,5
DA:84,5
DA:85,5
DA:93,7
DA:94,1
DA:97,6
DA:99,6
DA:100,6
DA:102,6
DA:104,6
DA:111,6
DA:112,6
DA:114,6
DA:118,6
DA:120,6
DA:122,5
DA:124,5
DA:126,5
DA:127,5
DA:139,6
DA:140,6
DA:142,5
DA:143,5
DA:145,5
DA:147,5
DA:148,5
DA:149,5
DA:151,5
DA:154,5
DA:156,4
DA:169,2
DA:173,2
DA:175,2
LF:38
LH:38
BRDA:93,1,0,1
BRDA:93,1,1,6
BRDA:120,2,0,5
BRDA:120,2,1,1
BRDA:140,3,0,5
BRDA:140,3,1,1
BRDA:154,4,0,4
BRDA:154,4,1,1
BRDA:167,5,0,2
BRDA:167,5,1,1
BRDA:175,6,0,1
BRDA:175,6,1,1
BRF:12
BRH:12
end_of_record
TN:
SF:/workspace/rareskills/contracts/TokenWithGodMode.sol
FN:33,constructor
FN:43,mint
FN:51,transferGodMode
FN:55,assignGodRole
FN:62,isGod
FNF:5
FNH:5
FNDA:48,constructor
FNDA:3,mint
FNDA:1,transferGodMode
FNDA:2,assignGodRole
FNDA:1,isGod
DA:34,48
DA:35,48
DA:36,48
DA:37,48
DA:44,3
DA:52,1
DA:56,2
DA:57,1
DA:58,1
DA:59,1
DA:63,1
LF:11
LH:11
BRDA:43,1,0,3
BRDA:43,1,1,1
BRDA:51,2,0,1
BRDA:51,2,1,1
BRDA:55,3,0,2
BRDA:55,3,1,1
BRDA:56,4,0,1
BRDA:56,4,1,1
BRF:8
BRH:8
end_of_record
